1774771737: mosquitto version 2.0.15 starting
1774771737: Config loaded from /mosquitto/config/mosquitto.conf.
1774771737: Error: Unable to decode password salt for user admin, removing entry.
1774771737: Opening ipv4 listen socket on port 1883.
1774771737: Opening ipv6 listen socket on port 1883.
1774771737: Opening websockets listen socket on port 9001.
1774771737: mosquitto version 2.0.15 running
1774771758: mosquitto version 2.0.15 terminating
1774771758: Saving in-memory database to /mosquitto/data//mosquitto.db.
1774771780: mosquitto version 2.0.15 starting
1774771780: Config loaded from /mosquitto/config/mosquitto.conf.
1774771780: Error: Unable to decode password salt for user admin, removing entry.
1774771780: Opening ipv4 listen socket on port 1883.
1774771780: Opening ipv6 listen socket on port 1883.
1774771780: Opening websockets listen socket on port 9001.
1774771780: mosquitto version 2.0.15 running
1774773166: mosquitto version 2.0.15 terminating
1774773166: Saving in-memory database to /mosquitto/data//mosquitto.db.
1774773174: mosquitto version 2.0.15 starting
1774773174: Config loaded from /mosquitto/config/mosquitto.conf.
1774773174: Error: Unable to decode password salt for user admin, removing entry.
1774773174: Opening ipv4 listen socket on port 1883.
1774773174: Opening ipv6 listen socket on port 1883.
1774773174: Opening websockets listen socket on port 9001.
1774773174: mosquitto version 2.0.15 running
1774774974: Saving in-memory database to /mosquitto/data//mosquitto.db.
1774776775: Saving in-memory database to /mosquitto/data//mosquitto.db.
1774777920: mosquitto version 2.0.15 terminating
1774777920: Saving in-memory database to /mosquitto/data//mosquitto.db.
